# JRE version: Java(TM) SE Runtime Environment (7.0_45-b18) (build 1.7.0_45-b18)
# Java VM: Java HotSpot(TM) Client VM (24.45-b08 mixed mode, sharing windows-x86 )
Heap
 def new generation   total 4928K, used 3982K [0x24480000, 0x249d0000, 0x299d0000)
  eden space 4416K,  88% used [0x24480000, 0x2484caa0, 0x248d0000)
  from space 512K,  17% used [0x24950000, 0x24966eb0, 0x249d0000)
  to   space 512K,   0% used [0x248d0000, 0x248d0000, 0x24950000)
 tenured generation   total 10944K, used 8428K [0x299d0000, 0x2a480000, 0x34480000)
   the space 10944K,  77% used [0x299d0000, 0x2a20b170, 0x2a20b200, 0x2a480000)
 compacting perm gen  total 12288K, used 783K [0x34480000, 0x35080000, 0x38480000)
   the space 12288K,   6% used [0x34480000, 0x34543ef0, 0x34544000, 0x35080000)
    ro space 10240K,  41% used [0x38480000, 0x388b1a78, 0x388b1c00, 0x38e80000)
    rw space 12288K,  52% used [0x38e80000, 0x394c62c0, 0x394c6400, 0x39a80000)
GC Heap History (10 events):
Event: 7.770 GC heap before
{Heap before GC invocations=4 (full 0):
 def new generation   total 4928K, used 4007K [0x24480000, 0x249d0000, 0x299d0000)
  eden space 4416K,  88% used [0x24480000, 0x24853980, 0x248d0000)
  from space 512K,  17% used [0x248d0000, 0x248e6370, 0x24950000)
  to   space 512K,   0% used [0x24950000, 0x24950000, 0x249d0000)
 tenured generation   total 10944K, used 4330K [0x299d0000, 0x2a480000, 0x34480000)
   the space 10944K,  39% used [0x299d0000, 0x29e0a960, 0x29e0aa00, 0x2a480000)
 compacting perm gen  total 12288K, used 783K [0x34480000, 0x35080000, 0x38480000)
   the space 12288K,   6% used [0x34480000, 0x34543ef0, 0x34544000, 0x35080000)
    ro space 10240K,  41% used [0x38480000, 0x388b1a78, 0x388b1c00, 0x38e80000)
    rw space 12288K,  52% used [0x38e80000, 0x394c62c0, 0x394c6400, 0x39a80000)
Event: 7.771 GC heap after
Heap after GC invocations=5 (full 0):
 def new generation   total 4928K, used 68K [0x24480000, 0x249d0000, 0x299d0000)
  eden space 4416K,   0% used [0x24480000, 0x24480000, 0x248d0000)
  from space 512K,  13% used [0x24950000, 0x249613c0, 0x249d0000)
  to   space 512K,   0% used [0x248d0000, 0x248d0000, 0x24950000)
 tenured generation   total 10944K, used 4330K [0x299d0000, 0x2a480000, 0x34480000)
   the space 10944K,  39% used [0x299d0000, 0x29e0a960, 0x29e0aa00, 0x2a480000)
 compacting perm gen  total 12288K, used 783K [0x34480000, 0x35080000, 0x38480000)
   the space 12288K,   6% used [0x34480000, 0x34543ef0, 0x34544000, 0x35080000)
    ro space 10240K,  41% used [0x38480000, 0x388b1a78, 0x388b1c00, 0x38e80000)
    rw space 12288K,  52% used [0x38e80000, 0x394c62c0, 0x394c6400, 0x39a80000)
}
Event: 14.926 GC heap before
{Heap before GC invocations=5 (full 0):
 def new generation   total 4928K, used 3366K [0x24480000, 0x249d0000, 0x299d0000)
  eden space 4416K,  74% used [0x24480000, 0x247b8488, 0x248d0000)
  from space 512K,  13% used [0x24950000, 0x249613c0, 0x249d0000)
  to   space 512K,   0% used [0x248d0000, 0x248d0000, 0x24950000)
 tenured generation   total 10944K, used 4330K [0x299d0000, 0x2a480000, 0x34480000)
   the space 10944K,  39% used [0x299d0000, 0x29e0a960, 0x29e0aa00, 0x2a480000)
 compacting perm gen  total 12288K, used 783K [0x34480000, 0x35080000, 0x38480000)
   the space 12288K,   6% used [0x34480000, 0x34543ef0, 0x34544000, 0x35080000)
    ro space 10240K,  41% used [0x38480000, 0x388b1a78, 0x388b1c00, 0x38e80000)
    rw space 12288K,  52% used [0x38e80000, 0x394c62c0, 0x394c6400, 0x39a80000)
Event: 14.927 GC heap after
Heap after GC invocations=6 (full 0):
 def new generation   total 4928K, used 70K [0x24480000, 0x249d0000, 0x299d0000)
  eden space 4416K,   0% used [0x24480000, 0x24480000, 0x248d0000)
  from space 512K,  13% used [0x248d0000, 0x248e1908, 0x24950000)
  to   space 512K,   0% used [0x24950000, 0x24950000, 0x249d0000)
 tenured generation   total 10944K, used 4330K [0x299d0000, 0x2a480000, 0x34480000)
   the space 10944K,  39% used [0x299d0000, 0x29e0a960, 0x29e0aa00, 0x2a480000)
 compacting perm gen  total 12288K, used 783K [0x34480000, 0x35080000, 0x38480000)
   the space 12288K,   6% used [0x34480000, 0x34543ef0, 0x34544000, 0x35080000)
    ro space 10240K,  41% used [0x38480000, 0x388b1a78, 0x388b1c00, 0x38e80000)
    rw space 12288K,  52% used [0x38e80000, 0x394c62c0, 0x394c6400, 0x39a80000)
}
Event: 15.004 GC heap before
{Heap before GC invocations=6 (full 0):
 def new generation   total 4928K, used 4486K [0x24480000, 0x249d0000, 0x299d0000)
  eden space 4416K, 100% used [0x24480000, 0x248d0000, 0x248d0000)
  from space 512K,  13% used [0x248d0000, 0x248e1908, 0x24950000)
  to   space 512K,   0% used [0x24950000, 0x24950000, 0x249d0000)
 tenured generation   total 10944K, used 4330K [0x299d0000, 0x2a480000, 0x34480000)
   the space 10944K,  39% used [0x299d0000, 0x29e0a960, 0x29e0aa00, 0x2a480000)
 compacting perm gen  total 12288K, used 783K [0x34480000, 0x35080000, 0x38480000)
   the space 12288K,   6% used [0x34480000, 0x34543ef0, 0x34544000, 0x35080000)
    ro space 10240K,  41% used [0x38480000, 0x388b1a78, 0x388b1c00, 0x38e80000)
    rw space 12288K,  52% used [0x38e80000, 0x394c62c0, 0x394c6400, 0x39a80000)
Event: 15.009 GC heap after
Heap after GC invocations=7 (full 0):
 def new generation   total 4928K, used 91K [0x24480000, 0x249d0000, 0x299d0000)
  eden space 4416K,   0% used [0x24480000, 0x24480000, 0x248d0000)
  from space 512K,  17% used [0x24950000, 0x24966eb0, 0x249d0000)
  to   space 512K,   0% used [0x248d0000, 0x248d0000, 0x24950000)
 tenured generation   total 10944K, used 8428K [0x299d0000, 0x2a480000, 0x34480000)
   the space 10944K,  77% used [0x299d0000, 0x2a20b170, 0x2a20b200, 0x2a480000)
 compacting perm gen  total 12288K, used 783K [0x34480000, 0x35080000, 0x38480000)
   the space 12288K,   6% used [0x34480000, 0x34543ef0, 0x34544000, 0x35080000)
    ro space 10240K,  41% used [0x38480000, 0x388b1a78, 0x388b1c00, 0x38e80000)
    rw space 12288K,  52% used [0x38e80000, 0x394c62c0, 0x394c6400, 0x39a80000)
}
Event: 15.047 GC heap before
{Heap before GC invocations=7 (full 0):
 def new generation   total 4928K, used 4507K [0x24480000, 0x249d0000, 0x299d0000)
  eden space 4416K, 100% used [0x24480000, 0x248d0000, 0x248d0000)
  from space 512K,  17% used [0x24950000, 0x24966eb0, 0x249d0000)
  to   space 512K,   0% used [0x248d0000, 0x248d0000, 0x24950000)
 tenured generation   total 10944K, used 8428K [0x299d0000, 0x2a480000, 0x34480000)
   the space 10944K,  77% used [0x299d0000, 0x2a20b170, 0x2a20b200, 0x2a480000)
 compacting perm gen  total 12288K, used 783K [0x34480000, 0x35080000, 0x38480000)
   the space 12288K,   6% used [0x34480000, 0x34543ef0, 0x34544000, 0x35080000)
    ro space 10240K,  41% used [0x38480000, 0x388b1a78, 0x388b1c00, 0x38e80000)
    rw space 12288K,  52% used [0x38e80000, 0x394c62c0, 0x394c6400, 0x39a80000)
Event: 15.048 GC heap after
Heap after GC invocations=8 (full 0):
 def new generation   total 4928K, used 91K [0x24480000, 0x249d0000, 0x299d0000)
  eden space 4416K,   0% used [0x24480000, 0x24480000, 0x248d0000)
  from space 512K,  17% used [0x248d0000, 0x248e6eb0, 0x24950000)
  to   space 512K,   0% used [0x24950000, 0x24950000, 0x249d0000)
 tenured generation   total 10944K, used 8428K [0x299d0000, 0x2a480000, 0x34480000)
   the space 10944K,  77% used [0x299d0000, 0x2a20b170, 0x2a20b200, 0x2a480000)
 compacting perm gen  total 12288K, used 783K [0x34480000, 0x35080000, 0x38480000)
   the space 12288K,   6% used [0x34480000, 0x34543ef0, 0x34544000, 0x35080000)
    ro space 10240K,  41% used [0x38480000, 0x388b1a78, 0x388b1c00, 0x38e80000)
    rw space 12288K,  52% used [0x38e80000, 0x394c62c0, 0x394c6400, 0x39a80000)
}
Event: 15.083 GC heap before
{Heap before GC invocations=8 (full 0):
 def new generation   total 4928K, used 4497K [0x24480000, 0x249d0000, 0x299d0000)
  eden space 4416K,  99% used [0x24480000, 0x248cd568, 0x248d0000)
  from space 512K,  17% used [0x248d0000, 0x248e6eb0, 0x24950000)
  to   space 512K,   0% used [0x24950000, 0x24950000, 0x249d0000)
 tenured generation   total 10944K, used 8428K [0x299d0000, 0x2a480000, 0x34480000)
   the space 10944K,  77% used [0x299d0000, 0x2a20b170, 0x2a20b200, 0x2a480000)
 compacting perm gen  total 12288K, used 783K [0x34480000, 0x35080000, 0x38480000)
   the space 12288K,   6% used [0x34480000, 0x34543ef0, 0x34544000, 0x35080000)
    ro space 10240K,  41% used [0x38480000, 0x388b1a78, 0x388b1c00, 0x38e80000)
    rw space 12288K,  52% used [0x38e80000, 0x394c62c0, 0x394c6400, 0x39a80000)
Event: 15.084 GC heap after
Heap after GC invocations=9 (full 0):
 def new generation   total 4928K, used 91K [0x24480000, 0x249d0000, 0x299d0000)
  eden space 4416K,   0% used [0x24480000, 0x24480000, 0x248d0000)
  from space 512K,  17% used [0x24950000, 0x24966eb0, 0x249d0000)
  to   space 512K,   0% used [0x248d0000, 0x248d0000, 0x24950000)
 tenured generation   total 10944K, used 8428K [0x299d0000, 0x2a480000, 0x34480000)
   the space 10944K,  77% used [0x299d0000, 0x2a20b170, 0x2a20b200, 0x2a480000)
 compacting perm gen  total 12288K, used 783K [0x34480000, 0x35080000, 0x38480000)
   the space 12288K,   6% used [0x34480000, 0x34543ef0, 0x34544000, 0x35080000)
    ro space 10240K,  41% used [0x38480000, 0x388b1a78, 0x388b1c00, 0x38e80000)
    rw space 12288K,  52% used [0x38e80000, 0x394c62c0, 0x394c6400, 0x39a80000)
}

